<?xml version="1.0" encoding="UTF-8"?>
<!-- Generated by org.testng.reporters.JUnitReportReporter -->
<testsuite hostname="MdSpectre" failures="0" tests="2" name="test.LoginPageTest" time="41.573" errors="0" timestamp="13 Jan 2024 16:16:43 GMT" skipped="0">
  <testcase classname="test.LoginPageTest" name="loginTest" time="20.519"/>
  <testcase classname="test.LoginPageTest" name="pageTitleTest" time="21.054"/>
</testsuite> <!-- test.LoginPageTest -->
